[T 19:20:53 32929] CodeQL CLI version 2.20.7
[T 19:20:53 32929] Initializing tracer.
[T 19:20:53 32929] Initializing tags.
[T 19:20:53 32929] ID set to 00000000000080A1_0000000000000001 (parent root)
[T 19:20:54 32929] Initializing tracer.
[T 19:20:54 32929] Initializing tags.
[T 19:20:54 32929] ID set to 00000000000080A1_0000000000000002 (parent root)
[T 19:20:54 32929] Warning: SEMMLE_EXEC and SEMMLE_EXECP not set. Falling back to path lookup on argv[0].
[T 19:20:54 32929] ==== Candidate to intercept: /opt/homebrew/Caskroom/codeql/2.20.7/codeql/tools/osx64/runner-osx (canonical: /opt/homebrew/Caskroom/codeql/2.20.7/codeql/tools/osx64/runner-osx) ====
[T 19:20:54 32929] Executing the following tracer actions:
[T 19:20:54 32929] Tracer actions:
[T 19:20:54 32929] pre_invocations(0)
[T 19:20:54 32929] post_invocations(0)
[T 19:20:54 32929] trace_languages(1): [go]
[T 19:20:54 32944] Attempting to switch stdout/stderr to 3...
/Users/artem/Projects/GVA/gva_codeql_db/working/copy-root/000001F7/bin/sh.semmle.000080A1.00DE0FA8.slice.x86_64: replacing existing signature
[T 19:20:55 32929] Initializing tracer.
[T 19:20:55 32929] Initializing tags.
[T 19:20:55 32929] ID set to 00000000000080A1_0000000000000003 (parent 00000000000080A1_0000000000000002)
[T 19:20:55 32929] ==== Candidate to intercept: /opt/homebrew/Caskroom/codeql/2.20.7/codeql/go/tools/autobuild.sh (canonical: /opt/homebrew/Caskroom/codeql/2.20.7/codeql/go/tools/autobuild.sh) ====
[T 19:20:55 32929] Executing the following tracer actions:
[T 19:20:55 32929] Tracer actions:
[T 19:20:55 32929] pre_invocations(0)
[T 19:20:55 32929] post_invocations(0)
[T 19:20:55 32929] trace_languages(1): [go]
[T 19:20:55 32957] Attempting to switch stdout/stderr to 3...
/Users/artem/Projects/GVA/gva_codeql_db/working/copy-root/000001F7/bin/bash.semmle.000080A1.12F3A770.slice.x86_64: replacing existing signature
[T 19:20:56 32929] Initializing tracer.
[T 19:20:56 32929] Initializing tags.
[T 19:20:56 32929] ID set to 00000000000080A1_0000000000000004 (parent 00000000000080A1_0000000000000003)
[T 19:20:56 32929] ==== Candidate to intercept: /bin/bash (canonical: /bin/bash) ====
[T 19:20:56 32929] Executing the following tracer actions:
[T 19:20:56 32929] Tracer actions:
[T 19:20:56 32929] pre_invocations(0)
[T 19:20:56 32929] post_invocations(0)
[T 19:20:56 32929] trace_languages(1): [go]
[T 19:20:56 32972] Attempting to switch stdout/stderr to 3...
/Users/artem/Projects/GVA/gva_codeql_db/working/copy-root/000001F7/opt/homebrew/Caskroom/codeql/2.20.7/codeql/go/tools/osx64/go-autobuilder.semmle.000080CB.06CBFD80.slice.arm64: replacing existing signature
[T 19:20:56 32971] Initializing tracer.
[T 19:20:56 32971] Initializing tags.
[T 19:20:56 32971] ID set to 00000000000080CB_0000000000000001 (parent 00000000000080A1_0000000000000004)
[T 19:20:56 32971] ==== Candidate to intercept: /opt/homebrew/Caskroom/codeql/2.20.7/codeql/go/tools/osx64/go-autobuilder (canonical: /opt/homebrew/Caskroom/codeql/2.20.7/codeql/go/tools/osx64/go-autobuilder) ====
[T 19:20:56 32971] Lua: === Intercepted call to /opt/homebrew/caskroom/codeql/2.20.7/codeql/go/tools/osx64/go-autobuilder ===
[T 19:20:56 32971] Lua: Disabling tracing for language go.
[T 19:20:56 32971] Executing the following tracer actions:
[T 19:20:56 32971] Tracer actions:
[T 19:20:56 32971] pre_invocations(0)
[T 19:20:56 32971] post_invocations(0)
[T 19:20:56 32971] trace_languages(0): []
[T 19:20:56 32971] Disabling tracing for this command.
