[2025-04-02 22:39:19] This is codeql execute queries -J-Xmx1800M --off-heap-ram=1583 --verbosity=progress --logdir=/Users/artem/Projects/GVA/gva_codeql_db/log --evaluator-log-level=5 --warnings=show --dynamic-join-order-mode=none --qlconfig-file=/Users/artem/Projects/GVA/qlconfig.yml -- /Users/artem/Projects/GVA/gva_codeql_db/db-go path:/Users/artem/Projects/GVA/xss/xss.ql
[2025-04-02 22:39:19] Calling plumbing command: codeql resolve queries --qlconfig-file=/Users/artem/Projects/GVA/qlconfig.yml --format=json -- path:/Users/artem/Projects/GVA/xss/xss.ql
[2025-04-02 22:39:19] [PROGRESS] resolve queries> Recording pack reference (anonymous QL pack at /Users/artem/Projects/GVA/xss/xss.ql) at /Users/artem/Projects/GVA/xss.
[2025-04-02 22:39:19] Plumbing command codeql resolve queries completed:
                      [
                        "/Users/artem/Projects/GVA/xss/xss.ql"
                      ]
[2025-04-02 22:39:19] Creating executor with 1 threads.
[2025-04-02 22:39:19] Calling plumbing command: codeql resolve extensions --qlconfig-file=/Users/artem/Projects/GVA/qlconfig.yml --include-extension-row-locations path:/Users/artem/Projects/GVA/xss/xss.ql
[2025-04-02 22:39:19] Calling plumbing command: codeql resolve queries --qlconfig-file=/Users/artem/Projects/GVA/qlconfig.yml --allow-library-packs --format startingpacks -- path:/Users/artem/Projects/GVA/xss/xss.ql
[2025-04-02 22:39:19] [PROGRESS] resolve queries> Recording pack reference (anonymous QL pack at /Users/artem/Projects/GVA/xss/xss.ql) at /Users/artem/Projects/GVA/xss.
[2025-04-02 22:39:19] Plumbing command codeql resolve queries completed:
                      [
                        "/Users/artem/Projects/GVA/xss"
                      ]
[2025-04-02 22:39:19] Calling plumbing command: codeql resolve extensions-by-pack --qlconfig-file=/Users/artem/Projects/GVA/qlconfig.yml --include-extension-row-locations -- /Users/artem/Projects/GVA/xss
[2025-04-02 22:39:19] [SPAMMY] resolve extensions-by-pack> [INCOMPATIBILITY] <anonymous pack>: not 0.0.0 {root: <anonymous pack>@0.0.0}
[2025-04-02 22:39:19] [SPAMMY] resolve extensions-by-pack> [DERIVATION] <anonymous pack>: 0.0.0 {<anonymous pack>: not 0.0.0 {root: <anonymous pack>@0.0.0}}
[2025-04-02 22:39:19] [SPAMMY] resolve extensions-by-pack> [DECISION 1] <anonymous pack>: 0.0.0
[2025-04-02 22:39:19] Plumbing command codeql resolve extensions-by-pack completed:
                      {
                        "models" : [ ],
                        "data" : { },
                        "threatModels" : { },
                        "extensionPacks" : [ ]
                      }
[2025-04-02 22:39:19] Plumbing command codeql resolve extensions completed:
                      {
                        "models" : [ ],
                        "data" : { },
                        "threatModels" : { },
                        "extensionPacks" : [ ]
                      }
[2025-04-02 22:39:19] Calling plumbing command: codeql resolve library-path --qlconfig-file=/Users/artem/Projects/GVA/qlconfig.yml --query=/Users/artem/Projects/GVA/xss/xss.ql --format=json
[2025-04-02 22:39:19] [DETAILS] resolve library-path> Resolving query at normalized path /Users/artem/Projects/GVA/xss/xss.ql.
[2025-04-02 22:39:19] [DETAILS] resolve library-path> Found no pack; trying after symlink resolution with /Users/artem/Projects/GVA/xss/xss.ql.
[2025-04-02 22:39:19] [DETAILS] resolve library-path> Found enclosing pack 'xss' at /Users/artem/Projects/GVA/xss.
[2025-04-02 22:39:19] [DETAILS] resolve library-path> Adding compilation cache at /Users/artem/.codeql/compile-cache.
[2025-04-02 22:39:19] [DETAILS] resolve library-path> Resolving library dependencies from /Users/artem/Projects/GVA/xss/xss.ql.
[2025-04-02 22:39:19] [SPAMMY] resolve library-path> [INCOMPATIBILITY] <anonymous pack>: not 0.0.0 {root: <anonymous pack>@0.0.0}
[2025-04-02 22:39:19] [SPAMMY] resolve library-path> [DERIVATION] <anonymous pack>: 0.0.0 {<anonymous pack>: not 0.0.0 {root: <anonymous pack>@0.0.0}}
[2025-04-02 22:39:19] [SPAMMY] resolve library-path> [DECISION 1] <anonymous pack>: 0.0.0
[2025-04-02 22:39:19] [DETAILS] resolve library-path> QL pack dependencies for /Users/artem/Projects/GVA/xss resolved OK.
[2025-04-02 22:39:19] [DETAILS] resolve library-path> Found no dbscheme through dependencies.
[2025-04-02 22:39:19] Plumbing command codeql resolve library-path completed:
                      {
                        "libraryPath" : [
                          "/Users/artem/Projects/GVA/xss"
                        ],
                        "compilationCache" : [
                          "/Users/artem/.codeql/compile-cache"
                        ],
                        "relativeName" : "xss/xss.ql",
                        "possibleAdvice" : "There should probably be a qlpack.yml file declaring dependencies in /Users/artem/Projects/GVA/xss or an enclosing directory.",
                        "qlPackName" : "xss"
                      }
[2025-04-02 22:39:19] [PROGRESS] execute queries> Compiling query plan for /Users/artem/Projects/GVA/xss/xss.ql.
[2025-04-02 22:39:19] [DETAILS] execute queries> Resolving imports for /Users/artem/Projects/GVA/xss/xss.ql.
[2025-04-02 22:39:19] Resolved file set for /Users/artem/Projects/GVA/xss/xss.ql hashes to 38e850f0d4007426a310bdd6d9ff946115140333.
[2025-04-02 22:39:19] [DETAILS] execute queries> Checking QL for /Users/artem/Projects/GVA/xss/xss.ql.
[2025-04-02 22:39:19] Stale frontend caches are invalidated based on import graph reachability.
[2025-04-02 22:39:19] [WARN] Stats for unknown field "named" in relation "underlying_type"
[2025-04-02 22:39:19] [WARN] Stats for unknown field "named" in relation "underlying_type"
[2025-04-02 22:39:19] [WARN] Stats for unknown field "named" in relation "underlying_type"
[2025-04-02 22:39:19] [WARN] Stats for unknown table "alias_rhs"
[2025-04-02 22:39:19] ExternalModuleBindingPass ...
[2025-04-02 22:39:19] ExternalModuleBindingPass time: 00:00.000
[2025-04-02 22:39:19] CollectInstantiationsPass ...
[2025-04-02 22:39:19] CollectInstantiationsPass time: 00:00.002
[2025-04-02 22:39:19] Ql checks ...
[2025-04-02 22:39:19] Ql checks time: 00:00.023
[2025-04-02 22:39:19] [ERROR] execute queries> ERROR: could not resolve module go (/Users/artem/Projects/GVA/xss/xss.ql:15,8-10)
[2025-04-02 22:39:19] [ERROR] execute queries> ERROR: could not resolve module semmle.go.security.ReflectedXss (/Users/artem/Projects/GVA/xss/xss.ql:16,8-39)
[2025-04-02 22:39:19] [ERROR] execute queries> ERROR: could not resolve module ReflectedXss (/Users/artem/Projects/GVA/xss/xss.ql:17,8-20)
[2025-04-02 22:39:19] [ERROR] execute queries> ERROR: could not resolve module ReflectedXss (/Users/artem/Projects/GVA/xss/xss.ql:20,1-13)
[2025-04-02 22:39:19] [ERROR] execute queries> ERROR: could not resolve module ReflectedXss (/Users/artem/Projects/GVA/xss/xss.ql:20,38-50)
[2025-04-02 22:39:19] [ERROR] execute queries> ERROR: could not resolve type Locatable (/Users/artem/Projects/GVA/xss/xss.ql:21,1-10)
[2025-04-02 22:39:19] [ERROR] execute queries> ERROR: could not resolve module ReflectedXss (/Users/artem/Projects/GVA/xss/xss.ql:23,1-13)
[2025-04-02 22:39:19] [ERROR] execute queries> ERROR: could not resolve module SharedXss (/Users/artem/Projects/GVA/xss/xss.ql:25,49-58)
[2025-04-02 22:39:19] [ERROR] execute queries> ERROR: could not resolve module SharedXss (/Users/artem/Projects/GVA/xss/xss.ql:31,32-41)
[2025-04-02 22:39:19] [ERROR] execute queries> ERROR: could not resolve module SharedXss (/Users/artem/Projects/GVA/xss/xss.ql:35,27-36)
[2025-04-02 22:39:19] Sequence stamp origin is -6065083264792505238
[2025-04-02 22:39:19] Pausing evaluation to close the cache at sequence stamp o+0
[2025-04-02 22:39:19] The disk cache is freshly trimmed; leave it be.
[2025-04-02 22:39:19] Unpausing evaluation
[2025-04-02 22:39:19] This NaiveBuddyAllocator requested 0 eviction rounds.
[2025-04-02 22:39:19] Exiting with code 2
